<?xml version="1.0" encoding="UTF-8"?>
<coverage generated="1572803961532" clover="3.2.0">
  <project timestamp="1572803961532" name="All files">
    <metrics statements="34" coveredstatements="29" conditionals="4" coveredconditionals="2" methods="19" coveredmethods="17" elements="57" coveredelements="48" complexity="0" loc="34" ncloc="34" packages="2" files="5" classes="5"/>
    <package name="src">
      <metrics statements="1" coveredstatements="1" conditionals="0" coveredconditionals="0" methods="0" coveredmethods="0"/>
      <file name="eventbus.js" path="/home/rick/repositories/finger-patterns/src/eventbus.js">
        <metrics statements="1" coveredstatements="1" conditionals="0" coveredconditionals="0" methods="0" coveredmethods="0"/>
        <line num="4" count="4" type="stmt"/>
      </file>
    </package>
    <package name="src.components">
      <metrics statements="33" coveredstatements="28" conditionals="4" coveredconditionals="2" methods="19" coveredmethods="17"/>
      <file name="VFingerDisplay.vue" path="/home/rick/repositories/finger-patterns/src/components/VFingerDisplay.vue">
        <metrics statements="5" coveredstatements="5" conditionals="0" coveredconditionals="0" methods="5" coveredmethods="5"/>
        <line num="149" count="4" type="stmt"/>
        <line num="154" count="15" type="stmt"/>
        <line num="157" count="15" type="stmt"/>
        <line num="160" count="15" type="stmt"/>
        <line num="163" count="15" type="stmt"/>
      </file>
      <file name="VInstrumentSelect.vue" path="/home/rick/repositories/finger-patterns/src/components/VInstrumentSelect.vue">
        <metrics statements="3" coveredstatements="3" conditionals="0" coveredconditionals="0" methods="2" coveredmethods="2"/>
        <line num="26" count="1" type="stmt"/>
        <line num="31" count="5" type="stmt"/>
        <line num="43" count="1" type="stmt"/>
      </file>
      <file name="VNotesDisplay.vue" path="/home/rick/repositories/finger-patterns/src/components/VNotesDisplay.vue">
        <metrics statements="22" coveredstatements="17" conditionals="4" coveredconditionals="2" methods="10" coveredmethods="8"/>
        <line num="7" count="1" type="stmt"/>
        <line num="9" count="1" type="stmt"/>
        <line num="32" count="14" type="stmt"/>
        <line num="33" count="7" type="stmt"/>
        <line num="43" count="7" type="stmt"/>
        <line num="44" count="11" type="cond" truecount="2" falsecount="0"/>
        <line num="45" count="6" type="stmt"/>
        <line num="47" count="5" type="stmt"/>
        <line num="48" count="5" type="stmt"/>
        <line num="49" count="5" type="stmt"/>
        <line num="50" count="5" type="stmt"/>
        <line num="52" count="7" type="stmt"/>
        <line num="53" count="3" type="stmt"/>
        <line num="55" count="7" type="stmt"/>
        <line num="56" count="4" type="stmt"/>
        <line num="71" count="0" type="stmt"/>
        <line num="72" count="0" type="cond" truecount="0" falsecount="2"/>
        <line num="73" count="0" type="stmt"/>
        <line num="74" count="0" type="stmt"/>
        <line num="75" count="0" type="stmt"/>
        <line num="80" count="13" type="stmt"/>
        <line num="81" count="1" type="stmt"/>
      </file>
      <file name="VStringSelect.vue" path="/home/rick/repositories/finger-patterns/src/components/VStringSelect.vue">
        <metrics statements="3" coveredstatements="3" conditionals="0" coveredconditionals="0" methods="2" coveredmethods="2"/>
        <line num="42" count="1" type="stmt"/>
        <line num="47" count="6" type="stmt"/>
        <line num="63" count="1" type="stmt"/>
      </file>
    </package>
  </project>
</coverage>
