{"/home/rick/repositories/finger-patterns/src/eventbus.js": {"path":"/home/rick/repositories/finger-patterns/src/eventbus.js","statementMap":{"0":{"start":{"line":4,"column":17},"end":{"line":4,"column":26}}},"fnMap":{},"branchMap":{},"s":{"0":4},"f":{},"b":{},"_coverageSchema":"43e27e138ebf9cfc5966b082cf9a028302ed4184","hash":"0774cb72d3a491b69b87ae89c76562840e210901"}
,"/home/rick/repositories/finger-patterns/src/components/VFingerDisplay.vue": {"path":"/home/rick/repositories/finger-patterns/src/components/VFingerDisplay.vue","statementMap":{"0":{"start":{"line":149,"column":0},"end":{"line":149,"column":null}},"1":{"start":{"line":154,"column":0},"end":{"line":154,"column":null}},"2":{"start":{"line":157,"column":0},"end":{"line":157,"column":null}},"3":{"start":{"line":160,"column":0},"end":{"line":160,"column":null}},"4":{"start":{"line":163,"column":0},"end":{"line":163,"column":null}}},"fnMap":{"0":{"name":"(anonymous_1)","decl":{"start":{"line":148,"column":0},"end":{"line":148,"column":null}},"loc":{"start":{"line":148,"column":0},"end":{"line":150,"column":null}}},"1":{"name":"(anonymous_2)","decl":{"start":{"line":153,"column":0},"end":{"line":153,"column":null}},"loc":{"start":{"line":153,"column":0},"end":{"line":155,"column":null}}},"2":{"name":"(anonymous_3)","decl":{"start":{"line":156,"column":0},"end":{"line":156,"column":null}},"loc":{"start":{"line":156,"column":0},"end":{"line":158,"column":null}}},"3":{"name":"(anonymous_4)","decl":{"start":{"line":159,"column":0},"end":{"line":159,"column":null}},"loc":{"start":{"line":159,"column":0},"end":{"line":161,"column":null}}},"4":{"name":"(anonymous_5)","decl":{"start":{"line":162,"column":0},"end":{"line":162,"column":null}},"loc":{"start":{"line":162,"column":0},"end":{"line":164,"column":null}}}},"branchMap":{},"s":{"0":4,"1":15,"2":15,"3":15,"4":15},"f":{"0":4,"1":15,"2":15,"3":15,"4":15},"b":{}}
,"/home/rick/repositories/finger-patterns/src/components/VInstrumentSelect.vue": {"path":"/home/rick/repositories/finger-patterns/src/components/VInstrumentSelect.vue","statementMap":{"0":{"start":{"line":26,"column":0},"end":{"line":26,"column":null}},"1":{"start":{"line":31,"column":0},"end":{"line":31,"column":null}},"2":{"start":{"line":43,"column":0},"end":{"line":43,"column":null}}},"fnMap":{"0":{"name":"(anonymous_1)","decl":{"start":{"line":30,"column":0},"end":{"line":30,"column":null}},"loc":{"start":{"line":30,"column":0},"end":{"line":34,"column":null}}},"1":{"name":"(anonymous_2)","decl":{"start":{"line":42,"column":0},"end":{"line":42,"column":null}},"loc":{"start":{"line":42,"column":0},"end":{"line":44,"column":null}}}},"branchMap":{},"s":{"0":1,"1":5,"2":1},"f":{"0":5,"1":1},"b":{}}
,"/home/rick/repositories/finger-patterns/src/components/VNotesDisplay.vue": {"path":"/home/rick/repositories/finger-patterns/src/components/VNotesDisplay.vue","statementMap":{"0":{"start":{"line":7,"column":0},"end":{"line":7,"column":null}},"1":{"start":{"line":9,"column":0},"end":{"line":9,"column":null}},"2":{"start":{"line":32,"column":0},"end":{"line":32,"column":null}},"3":{"start":{"line":33,"column":0},"end":{"line":33,"column":null}},"4":{"start":{"line":43,"column":0},"end":{"line":51,"column":null}},"5":{"start":{"line":44,"column":0},"end":{"line":46,"column":null}},"6":{"start":{"line":45,"column":0},"end":{"line":45,"column":null}},"7":{"start":{"line":47,"column":0},"end":{"line":47,"column":null}},"8":{"start":{"line":48,"column":0},"end":{"line":48,"column":null}},"9":{"start":{"line":49,"column":0},"end":{"line":49,"column":null}},"10":{"start":{"line":50,"column":0},"end":{"line":50,"column":null}},"11":{"start":{"line":52,"column":0},"end":{"line":54,"column":null}},"12":{"start":{"line":53,"column":0},"end":{"line":53,"column":null}},"13":{"start":{"line":55,"column":0},"end":{"line":57,"column":null}},"14":{"start":{"line":56,"column":0},"end":{"line":56,"column":null}},"15":{"start":{"line":71,"column":0},"end":{"line":77,"column":null}},"16":{"start":{"line":72,"column":0},"end":{"line":76,"column":null}},"17":{"start":{"line":73,"column":0},"end":{"line":73,"column":null}},"18":{"start":{"line":74,"column":0},"end":{"line":74,"column":null}},"19":{"start":{"line":75,"column":0},"end":{"line":75,"column":null}},"20":{"start":{"line":80,"column":0},"end":{"line":82,"column":null}},"21":{"start":{"line":81,"column":0},"end":{"line":81,"column":null}}},"fnMap":{"0":{"name":"(anonymous_1)","decl":{"start":{"line":31,"column":0},"end":{"line":31,"column":null}},"loc":{"start":{"line":31,"column":0},"end":{"line":58,"column":null}}},"1":{"name":"(anonymous_2)","decl":{"start":{"line":32,"column":0},"end":{"line":32,"column":null}},"loc":{"start":{"line":32,"column":0},"end":{"line":32,"column":null}}},"2":{"name":"(anonymous_3)","decl":{"start":{"line":43,"column":0},"end":{"line":43,"column":null}},"loc":{"start":{"line":43,"column":0},"end":{"line":51,"column":null}}},"3":{"name":"(anonymous_4)","decl":{"start":{"line":52,"column":0},"end":{"line":52,"column":null}},"loc":{"start":{"line":52,"column":0},"end":{"line":54,"column":null}}},"4":{"name":"(anonymous_5)","decl":{"start":{"line":55,"column":0},"end":{"line":55,"column":null}},"loc":{"start":{"line":55,"column":0},"end":{"line":57,"column":null}}},"5":{"name":"(anonymous_6)","decl":{"start":{"line":60,"column":0},"end":{"line":60,"column":null}},"loc":{"start":{"line":60,"column":0},"end":{"line":67,"column":null}}},"6":{"name":"(anonymous_7)","decl":{"start":{"line":70,"column":0},"end":{"line":70,"column":null}},"loc":{"start":{"line":70,"column":0},"end":{"line":78,"column":null}}},"7":{"name":"(anonymous_8)","decl":{"start":{"line":71,"column":0},"end":{"line":71,"column":null}},"loc":{"start":{"line":71,"column":0},"end":{"line":77,"column":null}}},"8":{"name":"(anonymous_9)","decl":{"start":{"line":79,"column":0},"end":{"line":79,"column":null}},"loc":{"start":{"line":79,"column":0},"end":{"line":83,"column":null}}},"9":{"name":"(anonymous_10)","decl":{"start":{"line":80,"column":0},"end":{"line":80,"column":null}},"loc":{"start":{"line":80,"column":0},"end":{"line":82,"column":null}}}},"branchMap":{"0":{"loc":{"start":{"line":44,"column":0},"end":{"line":46,"column":null}},"type":"if","locations":[{"start":{"line":44,"column":0},"end":{"line":46,"column":null}},{"start":{"line":44,"column":0},"end":{"line":46,"column":null}}]},"1":{"loc":{"start":{"line":72,"column":0},"end":{"line":76,"column":null}},"type":"if","locations":[{"start":{"line":72,"column":0},"end":{"line":76,"column":null}},{"start":{"line":72,"column":0},"end":{"line":76,"column":null}}]}},"s":{"0":1,"1":1,"2":14,"3":7,"4":7,"5":11,"6":6,"7":5,"8":5,"9":5,"10":5,"11":7,"12":3,"13":7,"14":4,"15":0,"16":0,"17":0,"18":0,"19":0,"20":13,"21":1},"f":{"0":7,"1":7,"2":11,"3":3,"4":4,"5":7,"6":0,"7":0,"8":13,"9":1},"b":{"0":[6,5],"1":[0,0]}}
,"/home/rick/repositories/finger-patterns/src/components/VStringSelect.vue": {"path":"/home/rick/repositories/finger-patterns/src/components/VStringSelect.vue","statementMap":{"0":{"start":{"line":42,"column":0},"end":{"line":42,"column":null}},"1":{"start":{"line":47,"column":0},"end":{"line":47,"column":null}},"2":{"start":{"line":63,"column":0},"end":{"line":63,"column":null}}},"fnMap":{"0":{"name":"(anonymous_1)","decl":{"start":{"line":46,"column":0},"end":{"line":46,"column":null}},"loc":{"start":{"line":46,"column":0},"end":{"line":50,"column":null}}},"1":{"name":"(anonymous_2)","decl":{"start":{"line":62,"column":0},"end":{"line":62,"column":null}},"loc":{"start":{"line":62,"column":0},"end":{"line":64,"column":null}}}},"branchMap":{},"s":{"0":1,"1":6,"2":1},"f":{"0":6,"1":1},"b":{}}
}
