TN:
SF:/home/rick/repositories/finger-patterns/src/eventbus.js
FNF:0
FNH:0
DA:4,4
LF:1
LH:1
BRF:0
BRH:0
end_of_record
TN:
SF:/home/rick/repositories/finger-patterns/src/components/VFingerDisplay.vue
FN:148,(anonymous_1)
FN:153,(anonymous_2)
FN:156,(anonymous_3)
FN:159,(anonymous_4)
FN:162,(anonymous_5)
FNF:5
FNH:5
FNDA:4,(anonymous_1)
FNDA:15,(anonymous_2)
FNDA:15,(anonymous_3)
FNDA:15,(anonymous_4)
FNDA:15,(anonymous_5)
DA:149,4
DA:154,15
DA:157,15
DA:160,15
DA:163,15
LF:5
LH:5
BRF:0
BRH:0
end_of_record
TN:
SF:/home/rick/repositories/finger-patterns/src/components/VInstrumentSelect.vue
FN:30,(anonymous_1)
FN:42,(anonymous_2)
FNF:2
FNH:2
FNDA:5,(anonymous_1)
FNDA:1,(anonymous_2)
DA:26,1
DA:31,5
DA:43,1
LF:3
LH:3
BRF:0
BRH:0
end_of_record
TN:
SF:/home/rick/repositories/finger-patterns/src/components/VNotesDisplay.vue
FN:31,(anonymous_1)
FN:32,(anonymous_2)
FN:43,(anonymous_3)
FN:52,(anonymous_4)
FN:55,(anonymous_5)
FN:60,(anonymous_6)
FN:70,(anonymous_7)
FN:71,(anonymous_8)
FN:79,(anonymous_9)
FN:80,(anonymous_10)
FNF:10
FNH:8
FNDA:7,(anonymous_1)
FNDA:7,(anonymous_2)
FNDA:11,(anonymous_3)
FNDA:3,(anonymous_4)
FNDA:4,(anonymous_5)
FNDA:7,(anonymous_6)
FNDA:0,(anonymous_7)
FNDA:0,(anonymous_8)
FNDA:13,(anonymous_9)
FNDA:1,(anonymous_10)
DA:7,1
DA:9,1
DA:32,14
DA:33,7
DA:43,7
DA:44,11
DA:45,6
DA:47,5
DA:48,5
DA:49,5
DA:50,5
DA:52,7
DA:53,3
DA:55,7
DA:56,4
DA:71,0
DA:72,0
DA:73,0
DA:74,0
DA:75,0
DA:80,13
DA:81,1
LF:22
LH:17
BRDA:44,0,0,6
BRDA:44,0,1,5
BRDA:72,1,0,0
BRDA:72,1,1,0
BRF:4
BRH:2
end_of_record
TN:
SF:/home/rick/repositories/finger-patterns/src/components/VStringSelect.vue
FN:46,(anonymous_1)
FN:62,(anonymous_2)
FNF:2
FNH:2
FNDA:6,(anonymous_1)
FNDA:1,(anonymous_2)
DA:42,1
DA:47,6
DA:63,1
LF:3
LH:3
BRF:0
BRH:0
end_of_record
